#
# A fatal error has been detected by the Java Runtime Environment:
#
#  EXCEPTION_ACCESS_VIOLATION (0xc0000005) at pc=0x00007ffae8fd53a9, pid=25152, tid=636
#
# JRE version: Java(TM) SE Runtime Environment (13.0.2+8) (build 13.0.2+8)
# Java VM: Java HotSpot(TM) 64-Bit Server VM (13.0.2+8, mixed mode, sharing, tiered, compressed oops, g1 gc, windows-amd64)
# Problematic frame:
# V  [jvm.dll+0x2453a9]
#
# No core dump will be written. Minidumps are not enabled by default on client versions of Windows
#
# If you would like to submit a bug report, please visit:
#   http://bugreport.java.com/bugreport/crash.jsp
#

---------------  S U M M A R Y ------------

Command Line: -agentlib:jdwp=transport=dt_socket,suspend=y,address=localhost:65310 -javaagent:C:\Users\52039252\eclipse\java-2019-12\eclipse\configuration\org.eclipse.osgi\226\0\.cp\lib\javaagent-shaded.jar -Dfile.encoding=UTF-8 handelingWindows.Javaquestions

Host: Intel(R) Core(TM) i5-8250U CPU @ 1.60GHz, 8 cores, 7G,  Windows 10 , 64 bit Build 18362 (10.0.18362.329)
Time: Wed Sep 23 02:45:52 2020 India Standard Time elapsed time: 510 seconds (0d 0h 8m 30s)

---------------  T H R E A D  ---------------

Current thread (0x000001b0481fd800):  JavaThread "JDWP Transport Listener: dt_socket" daemon [_thread_in_vm, id=636, stack(0x0000002bfbd00000,0x0000002bfbe00000)] _threads_hazard_ptr=0x000001b04815df20

Stack: [0x0000002bfbd00000,0x0000002bfbe00000],  sp=0x0000002bfbdfeaa8,  free space=1018k
Native frames: (J=compiled Java code, j=interpreted, Vv=VM code, C=native code)
V  [jvm.dll+0x2453a9]


siginfo: EXCEPTION_ACCESS_VIOLATION (0xc0000005), reading address 0x000001b047bb3720


Register to memory mapping:

RIP=0x00007ffae8fd53a9 jvm.dll
RAX=0x0000000000032220 is an unknown value
RBX=0x0000002bfbdfed60 is pointing into the stack for thread: 0x000001b0481fd800
RCX=0x000001b047b81500 is pointing into metadata
RDX=0x0000000000001910 is an unknown value
RSP=0x0000002bfbdfeaa8 is pointing into the stack for thread: 0x000001b0481fd800
RBP=0x0000000000000001 is an unknown value
RSI=0x0000000000000001 is an unknown value
RDI=0x000001b047b80a98 is pointing into metadata
R8 =0x0 is NULL
R9 =0x000001b047b80a98 is pointing into metadata
R10=0x000001b04805e590 points into unknown readable memory: 00 00 00 47 01 00 00 47
R11=0x000001b04805e140 points into unknown readable memory: 00 00 00 47 01 00 00 47
R12=0x000001b04805e050 points into unknown readable memory: 00 a9 83 8d 21 01 00 00
R13=0x0000000000000280 is an unknown value
R14=0x000001b047b8121e is pointing into metadata
R15=0x0000000000000129 is an unknown value


Registers:
RAX=0x0000000000032220, RBX=0x0000002bfbdfed60, RCX=0x000001b047b81500, RDX=0x0000000000001910
RSP=0x0000002bfbdfeaa8, RBP=0x0000000000000001, RSI=0x0000000000000001, RDI=0x000001b047b80a98
R8 =0x0000000000000000, R9 =0x000001b047b80a98, R10=0x000001b04805e590, R11=0x000001b04805e140
R12=0x000001b04805e050, R13=0x0000000000000280, R14=0x000001b047b8121e, R15=0x0000000000000129
RIP=0x00007ffae8fd53a9, EFLAGS=0x0000000000010202

Top of Stack: (sp=0x0000002bfbdfeaa8)
0x0000002bfbdfeaa8:   00007ffae90bf913 0000002bfbdfed60
0x0000002bfbdfeab8:   00007ffae90c36a3 0000002bfbdfed60
0x0000002bfbdfeac8:   000001b0481fd800 0000002bfbdfeb30
0x0000002bfbdfead8:   00007ffae90c39e7 8fffffff460000d3
0x0000002bfbdfeae8:   8fffffff8fffffff 00006526f12cdabb
0x0000002bfbdfeaf8:   00006526f12cdacb 000001b047b8121e
0x0000002bfbdfeb08:   0000002bfbdfebc0 0000002bfbdfed60
0x0000002bfbdfeb18:   00007ffae90c19d2 0000002bfbdfed60
0x0000002bfbdfeb28:   0000000000000121 0000000000000001
0x0000002bfbdfeb38:   00007ffae90d400a 0000002b00000121
0x0000002bfbdfeb48:   6666666666666667 0000000000000000
0x0000002bfbdfeb58:   000001b047b8121e 0000002bfbdfebc0
0x0000002bfbdfeb68:   00007ffae8eaddae 000001b047b81360
0x0000002bfbdfeb78:   000001b04805e190 0000000000000129
0x0000002bfbdfeb88:   0000000000000099 6666666666666667
0x0000002bfbdfeb98:   00007ffae90c235e 0000002bfbdfebf0 

Instructions: (pc=0x00007ffae8fd53a9)
0x00007ffae8fd52a9:   03 03 03 03 03 03 03 03 03 03 03 03 03 03 03 03
0x00007ffae8fd52b9:   03 03 03 03 03 03 03 03 03 03 03 03 03 03 03 03
0x00007ffae8fd52c9:   03 03 03 03 03 03 03 03 03 03 03 03 03 03 03 03
0x00007ffae8fd52d9:   03 03 03 03 03 03 03 03 03 03 03 03 03 03 03 03
0x00007ffae8fd52e9:   03 03 02 03 03 02 cc 48 89 5c 24 08 48 89 74 24
0x00007ffae8fd52f9:   10 57 48 83 ec 20 48 63 da 41 0f b6 f0 48 8b f9
0x00007ffae8fd5309:   85 d2 79 24 4c 8d 0d 24 43 62 00 ba 97 02 00 00
0x00007ffae8fd5319:   4c 8d 05 50 43 62 00 48 8d 0d b9 42 62 00 e8 04
0x00007ffae8fd5329:   6b 00 00 e8 bf f7 3d 00 40 84 f6 75 18 48 8b 4f
0x00007ffae8fd5339:   10 48 85 c9 74 0f 48 8d 43 01 48 c1 e0 05 48 8b
0x00007ffae8fd5349:   04 08 0f b7 d8 48 8b 74 24 38 48 63 c3 48 8b 5c
0x00007ffae8fd5359:   24 30 0f b7 44 c7 40 48 83 c4 20 5f c3 cc cc cc
0x00007ffae8fd5369:   cc cc cc cc cc cc cc 4c 8b c9 45 84 c0 75 42 48
0x00007ffae8fd5379:   8b 49 10 48 85 c9 74 39 85 d2 79 1a f7 d2 48 63
0x00007ffae8fd5389:   c2 48 ff c0 48 c1 e0 05 48 8b 04 08 0f b7 c8 41
0x00007ffae8fd5399:   0f b7 44 c9 42 c3 48 63 c2 48 ff c0 48 c1 e0 05
0x00007ffae8fd53a9:   48 8b 04 08 0f b7 d0 48 63 c2 41 0f b7 44 c1 42
0x00007ffae8fd53b9:   c3 49 8b 41 08 4c 63 c2 42 0f b6 44 00 04 8d 48
0x00007ffae8fd53c9:   ef 80 f9 01 76 0e 3c 6a 74 0a 48 63 c2 41 0f b7
0x00007ffae8fd53d9:   44 c1 42 c3 43 0f b7 44 c1 42 c3 cc cc cc cc cc
0x00007ffae8fd53e9:   cc cc cc cc cc cc cc 40 53 48 83 ec 20 48 8b d9
0x00007ffae8fd53f9:   e8 72 ff ff ff 48 63 d0 0f b7 44 d3 40 48 8b 44
0x00007ffae8fd5409:   c3 40 48 83 c4 20 5b c3 cc cc cc cc cc cc cc cc
0x00007ffae8fd5419:   cc cc cc cc cc cc cc 40 53 48 83 ec 20 48 8b d9
0x00007ffae8fd5429:   e8 42 ff ff ff 48 63 d0 0f b7 44 d3 42 48 8b 44
0x00007ffae8fd5439:   c3 40 48 83 c4 20 5b c3 cc cc cc cc cc cc cc cc
0x00007ffae8fd5449:   cc cc cc cc cc cc cc 4c 8b d1 45 84 c9 75 23 4c
0x00007ffae8fd5459:   8b 49 10 4d 85 c9 74 1a 45 85 c0 79 03 41 f7 d0
0x00007ffae8fd5469:   49 63 c0 48 ff c0 48 c1 e0 05 4a 8b 04 08 44 0f
0x00007ffae8fd5479:   b7 c0 49 8b 42 08 49 63 c8 0f b6 4c 08 04 48 8b
0x00007ffae8fd5489:   c2 88 0a c3 cc cc cc 40 56 57 41 54 41 56 41 57
0x00007ffae8fd5499:   48 83 ec 20 45 8b 30 49 8b f0 49 63 f9 4c 8b e2 


Stack slot to memory mapping:
stack at sp + 0 slots: 0x00007ffae90bf913 jvm.dll
stack at sp + 1 slots: 0x0000002bfbdfed60 is pointing into the stack for thread: 0x000001b0481fd800
stack at sp + 2 slots: 0x00007ffae90c36a3 jvm.dll
stack at sp + 3 slots: 0x0000002bfbdfed60 is pointing into the stack for thread: 0x000001b0481fd800
stack at sp + 4 slots: 0x000001b0481fd800 is a thread
stack at sp + 5 slots: 0x0000002bfbdfeb30 is pointing into the stack for thread: 0x000001b0481fd800
stack at sp + 6 slots: 0x00007ffae90c39e7 jvm.dll
stack at sp + 7 slots: 0x8fffffff460000d3 is an unknown value


---------------  P R O C E S S  ---------------

Threads class SMR info:
_java_thread_list=0x000001b04815df20, length=13, elements={
0x000001b0283dc800, 0x000001b04770e800, 0x000001b047711800, 0x000001b047727800,
0x000001b047729000, 0x000001b04772b000, 0x000001b04772d000, 0x000001b04803b000,
0x000001b0476e3000, 0x000001b0481fd800, 0x000001b048203800, 0x000001b048205000,
0x000001b04881e000
}

Java Threads: ( => current thread )
  0x000001b0283dc800 JavaThread "main" [_thread_blocked, id=21628, stack(0x0000002bfad00000,0x0000002bfae00000)]
  0x000001b04770e800 JavaThread "Reference Handler" daemon [_thread_blocked, id=14756, stack(0x0000002bfb400000,0x0000002bfb500000)]
  0x000001b047711800 JavaThread "Finalizer" daemon [_thread_blocked, id=15516, stack(0x0000002bfb500000,0x0000002bfb600000)]
  0x000001b047727800 JavaThread "Signal Dispatcher" daemon [_thread_blocked, id=28556, stack(0x0000002bfb600000,0x0000002bfb700000)]
  0x000001b047729000 JavaThread "Attach Listener" daemon [_thread_blocked, id=33592, stack(0x0000002bfb700000,0x0000002bfb800000)]
  0x000001b04772b000 JavaThread "C2 CompilerThread0" daemon [_thread_blocked, id=30208, stack(0x0000002bfb800000,0x0000002bfb900000)]
  0x000001b04772d000 JavaThread "C1 CompilerThread0" daemon [_thread_blocked, id=25712, stack(0x0000002bfb900000,0x0000002bfba00000)]
  0x000001b04803b000 JavaThread "Sweeper thread" daemon [_thread_blocked, id=31648, stack(0x0000002bfba00000,0x0000002bfbb00000)]
  0x000001b0476e3000 JavaThread "Common-Cleaner" daemon [_thread_blocked, id=32380, stack(0x0000002bfbb00000,0x0000002bfbc00000)]
=>0x000001b0481fd800 JavaThread "JDWP Transport Listener: dt_socket" daemon [_thread_in_vm, id=636, stack(0x0000002bfbd00000,0x0000002bfbe00000)]
  0x000001b048203800 JavaThread "JDWP Event Helper Thread" daemon [_thread_blocked, id=17596, stack(0x0000002bfbe00000,0x0000002bfbf00000)]
  0x000001b048205000 JavaThread "JDWP Command Reader" daemon [_thread_in_native, id=25628, stack(0x0000002bfbf00000,0x0000002bfc000000)]
  0x000001b04881e000 JavaThread "Service Thread" daemon [_thread_blocked, id=32872, stack(0x0000002bfc000000,0x0000002bfc100000)]

Other Threads:
  0x000001b04770b000 VMThread "VM Thread" [stack: 0x0000002bfb300000,0x0000002bfb400000] [id=28008]
  0x000001b048820000 WatcherThread [stack: 0x0000002bfc100000,0x0000002bfc200000] [id=28932]
  0x000001b028420800 GCTaskThread "GC Thread#0" [stack: 0x0000002bfae00000,0x0000002bfaf00000] [id=25136]
  0x000001b028432800 ConcurrentGCThread "G1 Main Marker" [stack: 0x0000002bfaf00000,0x0000002bfb000000] [id=31460]
  0x000001b028434800 ConcurrentGCThread "G1 Conc#0" [stack: 0x0000002bfb000000,0x0000002bfb100000] [id=29780]
  0x000001b047575800 ConcurrentGCThread "G1 Refine#0" [stack: 0x0000002bfb100000,0x0000002bfb200000] [id=32328]
  0x000001b047576800 ConcurrentGCThread "G1 Young RemSet Sampling" [stack: 0x0000002bfb200000,0x0000002bfb300000] [id=8848]

Threads with active compile tasks:

VM state:not at safepoint (normal execution)

VM Mutex/Monitor currently owned by a thread: None

Heap address: 0x0000000085e00000, size: 1954 MB, Compressed Oops mode: 32-bit
Narrow klass base: 0x0000000800000000, Narrow klass shift: 3
Compressed class space size: 1073741824 Address: 0x0000000800b40000

Heap:
 garbage-first heap   total 126976K, used 6144K [0x0000000085e00000, 0x0000000100000000)
  region size 1024K, 7 young (7168K), 0 survivors (0K)
 Metaspace       used 2848K, capacity 4909K, committed 5120K, reserved 1056768K
  class space    used 255K, capacity 443K, committed 512K, reserved 1048576K
Heap Regions: E=young(eden), S=young(survivor), O=old, HS=humongous(starts), HC=humongous(continues), CS=collection set, F=free, A=archive, TAMS=top-at-mark-start (previous, next)
|   0|0x0000000085e00000, 0x0000000085f00000, 0x0000000085f00000|100%|HS|  |TAMS 0x0000000085e00000, 0x0000000085e00000| Complete 
|   1|0x0000000085f00000, 0x0000000085f00000, 0x0000000086000000|  0%| F|  |TAMS 0x0000000085f00000, 0x0000000085f00000| Untracked 
|   2|0x0000000086000000, 0x0000000086000000, 0x0000000086100000|  0%| F|  |TAMS 0x0000000086000000, 0x0000000086000000| Untracked 
|   3|0x0000000086100000, 0x0000000086100000, 0x0000000086200000|  0%| F|  |TAMS 0x0000000086100000, 0x0000000086100000| Untracked 
|   4|0x0000000086200000, 0x0000000086200000, 0x0000000086300000|  0%| F|  |TAMS 0x0000000086200000, 0x0000000086200000| Untracked 
|   5|0x0000000086300000, 0x0000000086300000, 0x0000000086400000|  0%| F|  |TAMS 0x0000000086300000, 0x0000000086300000| Untracked 
|   6|0x0000000086400000, 0x0000000086400000, 0x0000000086500000|  0%| F|  |TAMS 0x0000000086400000, 0x0000000086400000| Untracked 
|   7|0x0000000086500000, 0x0000000086500000, 0x0000000086600000|  0%| F|  |TAMS 0x0000000086500000, 0x0000000086500000| Untracked 
|   8|0x0000000086600000, 0x0000000086600000, 0x0000000086700000|  0%| F|  |TAMS 0x0000000086600000, 0x0000000086600000| Untracked 
|   9|0x0000000086700000, 0x0000000086700000, 0x0000000086800000|  0%| F|  |TAMS 0x0000000086700000, 0x0000000086700000| Untracked 
|  10|0x0000000086800000, 0x0000000086800000, 0x0000000086900000|  0%| F|  |TAMS 0x0000000086800000, 0x0000000086800000| Untracked 
|  11|0x0000000086900000, 0x0000000086900000, 0x0000000086a00000|  0%| F|  |TAMS 0x0000000086900000, 0x0000000086900000| Untracked 
|  12|0x0000000086a00000, 0x0000000086a00000, 0x0000000086b00000|  0%| F|  |TAMS 0x0000000086a00000, 0x0000000086a00000| Untracked 
|  13|0x0000000086b00000, 0x0000000086b00000, 0x0000000086c00000|  0%| F|  |TAMS 0x0000000086b00000, 0x0000000086b00000| Untracked 
|  14|0x0000000086c00000, 0x0000000086c00000, 0x0000000086d00000|  0%| F|  |TAMS 0x0000000086c00000, 0x0000000086c00000| Untracked 
|  15|0x0000000086d00000, 0x0000000086d00000, 0x0000000086e00000|  0%| F|  |TAMS 0x0000000086d00000, 0x0000000086d00000| Untracked 
|  16|0x0000000086e00000, 0x0000000086e00000, 0x0000000086f00000|  0%| F|  |TAMS 0x0000000086e00000, 0x0000000086e00000| Untracked 
|  17|0x0000000086f00000, 0x0000000086f00000, 0x0000000087000000|  0%| F|  |TAMS 0x0000000086f00000, 0x0000000086f00000| Untracked 
|  18|0x0000000087000000, 0x0000000087000000, 0x0000000087100000|  0%| F|  |TAMS 0x0000000087000000, 0x0000000087000000| Untracked 
|  19|0x0000000087100000, 0x0000000087100000, 0x0000000087200000|  0%| F|  |TAMS 0x0000000087100000, 0x0000000087100000| Untracked 
|  20|0x0000000087200000, 0x0000000087200000, 0x0000000087300000|  0%| F|  |TAMS 0x0000000087200000, 0x0000000087200000| Untracked 
|  21|0x0000000087300000, 0x0000000087300000, 0x0000000087400000|  0%| F|  |TAMS 0x0000000087300000, 0x0000000087300000| Untracked 
|  22|0x0000000087400000, 0x0000000087400000, 0x0000000087500000|  0%| F|  |TAMS 0x0000000087400000, 0x0000000087400000| Untracked 
|  23|0x0000000087500000, 0x0000000087500000, 0x0000000087600000|  0%| F|  |TAMS 0x0000000087500000, 0x0000000087500000| Untracked 
|  24|0x0000000087600000, 0x0000000087600000, 0x0000000087700000|  0%| F|  |TAMS 0x0000000087600000, 0x0000000087600000| Untracked 
|  25|0x0000000087700000, 0x0000000087700000, 0x0000000087800000|  0%| F|  |TAMS 0x0000000087700000, 0x0000000087700000| Untracked 
|  26|0x0000000087800000, 0x0000000087800000, 0x0000000087900000|  0%| F|  |TAMS 0x0000000087800000, 0x0000000087800000| Untracked 
|  27|0x0000000087900000, 0x0000000087900000, 0x0000000087a00000|  0%| F|  |TAMS 0x0000000087900000, 0x0000000087900000| Untracked 
|  28|0x0000000087a00000, 0x0000000087a00000, 0x0000000087b00000|  0%| F|  |TAMS 0x0000000087a00000, 0x0000000087a00000| Untracked 
|  29|0x0000000087b00000, 0x0000000087b00000, 0x0000000087c00000|  0%| F|  |TAMS 0x0000000087b00000, 0x0000000087b00000| Untracked 
|  30|0x0000000087c00000, 0x0000000087c00000, 0x0000000087d00000|  0%| F|  |TAMS 0x0000000087c00000, 0x0000000087c00000| Untracked 
|  31|0x0000000087d00000, 0x0000000087d00000, 0x0000000087e00000|  0%| F|  |TAMS 0x0000000087d00000, 0x0000000087d00000| Untracked 
|  32|0x0000000087e00000, 0x0000000087e00000, 0x0000000087f00000|  0%| F|  |TAMS 0x0000000087e00000, 0x0000000087e00000| Untracked 
|  33|0x0000000087f00000, 0x0000000087f00000, 0x0000000088000000|  0%| F|  |TAMS 0x0000000087f00000, 0x0000000087f00000| Untracked 
|  34|0x0000000088000000, 0x0000000088000000, 0x0000000088100000|  0%| F|  |TAMS 0x0000000088000000, 0x0000000088000000| Untracked 
|  35|0x0000000088100000, 0x0000000088100000, 0x0000000088200000|  0%| F|  |TAMS 0x0000000088100000, 0x0000000088100000| Untracked 
|  36|0x0000000088200000, 0x0000000088200000, 0x0000000088300000|  0%| F|  |TAMS 0x0000000088200000, 0x0000000088200000| Untracked 
|  37|0x0000000088300000, 0x0000000088300000, 0x0000000088400000|  0%| F|  |TAMS 0x0000000088300000, 0x0000000088300000| Untracked 
|  38|0x0000000088400000, 0x0000000088400000, 0x0000000088500000|  0%| F|  |TAMS 0x0000000088400000, 0x0000000088400000| Untracked 
|  39|0x0000000088500000, 0x0000000088500000, 0x0000000088600000|  0%| F|  |TAMS 0x0000000088500000, 0x0000000088500000| Untracked 
|  40|0x0000000088600000, 0x0000000088600000, 0x0000000088700000|  0%| F|  |TAMS 0x0000000088600000, 0x0000000088600000| Untracked 
|  41|0x0000000088700000, 0x0000000088700000, 0x0000000088800000|  0%| F|  |TAMS 0x0000000088700000, 0x0000000088700000| Untracked 
|  42|0x0000000088800000, 0x0000000088800000, 0x0000000088900000|  0%| F|  |TAMS 0x0000000088800000, 0x0000000088800000| Untracked 
|  43|0x0000000088900000, 0x0000000088900000, 0x0000000088a00000|  0%| F|  |TAMS 0x0000000088900000, 0x0000000088900000| Untracked 
|  44|0x0000000088a00000, 0x0000000088a00000, 0x0000000088b00000|  0%| F|  |TAMS 0x0000000088a00000, 0x0000000088a00000| Untracked 
|  45|0x0000000088b00000, 0x0000000088b00000, 0x0000000088c00000|  0%| F|  |TAMS 0x0000000088b00000, 0x0000000088b00000| Untracked 
|  46|0x0000000088c00000, 0x0000000088c00000, 0x0000000088d00000|  0%| F|  |TAMS 0x0000000088c00000, 0x0000000088c00000| Untracked 
|  47|0x0000000088d00000, 0x0000000088d00000, 0x0000000088e00000|  0%| F|  |TAMS 0x0000000088d00000, 0x0000000088d00000| Untracked 
|  48|0x0000000088e00000, 0x0000000088e00000, 0x0000000088f00000|  0%| F|  |TAMS 0x0000000088e00000, 0x0000000088e00000| Untracked 
|  49|0x0000000088f00000, 0x0000000088f00000, 0x0000000089000000|  0%| F|  |TAMS 0x0000000088f00000, 0x0000000088f00000| Untracked 
|  50|0x0000000089000000, 0x0000000089000000, 0x0000000089100000|  0%| F|  |TAMS 0x0000000089000000, 0x0000000089000000| Untracked 
|  51|0x0000000089100000, 0x0000000089100000, 0x0000000089200000|  0%| F|  |TAMS 0x0000000089100000, 0x0000000089100000| Untracked 
|  52|0x0000000089200000, 0x0000000089200000, 0x0000000089300000|  0%| F|  |TAMS 0x0000000089200000, 0x0000000089200000| Untracked 
|  53|0x0000000089300000, 0x0000000089300000, 0x0000000089400000|  0%| F|  |TAMS 0x0000000089300000, 0x0000000089300000| Untracked 
|  54|0x0000000089400000, 0x0000000089400000, 0x0000000089500000|  0%| F|  |TAMS 0x0000000089400000, 0x0000000089400000| Untracked 
|  55|0x0000000089500000, 0x0000000089500000, 0x0000000089600000|  0%| F|  |TAMS 0x0000000089500000, 0x0000000089500000| Untracked 
|  56|0x0000000089600000, 0x0000000089600000, 0x0000000089700000|  0%| F|  |TAMS 0x0000000089600000, 0x0000000089600000| Untracked 
|  57|0x0000000089700000, 0x0000000089700000, 0x0000000089800000|  0%| F|  |TAMS 0x0000000089700000, 0x0000000089700000| Untracked 
|  58|0x0000000089800000, 0x0000000089800000, 0x0000000089900000|  0%| F|  |TAMS 0x0000000089800000, 0x0000000089800000| Untracked 
|  59|0x0000000089900000, 0x0000000089900000, 0x0000000089a00000|  0%| F|  |TAMS 0x0000000089900000, 0x0000000089900000| Untracked 
|  60|0x0000000089a00000, 0x0000000089a00000, 0x0000000089b00000|  0%| F|  |TAMS 0x0000000089a00000, 0x0000000089a00000| Untracked 
|  61|0x0000000089b00000, 0x0000000089b00000, 0x0000000089c00000|  0%| F|  |TAMS 0x0000000089b00000, 0x0000000089b00000| Untracked 
|  62|0x0000000089c00000, 0x0000000089c00000, 0x0000000089d00000|  0%| F|  |TAMS 0x0000000089c00000, 0x0000000089c00000| Untracked 
|  63|0x0000000089d00000, 0x0000000089d00000, 0x0000000089e00000|  0%| F|  |TAMS 0x0000000089d00000, 0x0000000089d00000| Untracked 
|  64|0x0000000089e00000, 0x0000000089e00000, 0x0000000089f00000|  0%| F|  |TAMS 0x0000000089e00000, 0x0000000089e00000| Untracked 
|  65|0x0000000089f00000, 0x0000000089f00000, 0x000000008a000000|  0%| F|  |TAMS 0x0000000089f00000, 0x0000000089f00000| Untracked 
|  66|0x000000008a000000, 0x000000008a000000, 0x000000008a100000|  0%| F|  |TAMS 0x000000008a000000, 0x000000008a000000| Untracked 
|  67|0x000000008a100000, 0x000000008a100000, 0x000000008a200000|  0%| F|  |TAMS 0x000000008a100000, 0x000000008a100000| Untracked 
|  68|0x000000008a200000, 0x000000008a200000, 0x000000008a300000|  0%| F|  |TAMS 0x000000008a200000, 0x000000008a200000| Untracked 
|  69|0x000000008a300000, 0x000000008a300000, 0x000000008a400000|  0%| F|  |TAMS 0x000000008a300000, 0x000000008a300000| Untracked 
|  70|0x000000008a400000, 0x000000008a400000, 0x000000008a500000|  0%| F|  |TAMS 0x000000008a400000, 0x000000008a400000| Untracked 
|  71|0x000000008a500000, 0x000000008a500000, 0x000000008a600000|  0%| F|  |TAMS 0x000000008a500000, 0x000000008a500000| Untracked 
|  72|0x000000008a600000, 0x000000008a600000, 0x000000008a700000|  0%| F|  |TAMS 0x000000008a600000, 0x000000008a600000| Untracked 
|  73|0x000000008a700000, 0x000000008a700000, 0x000000008a800000|  0%| F|  |TAMS 0x000000008a700000, 0x000000008a700000| Untracked 
|  74|0x000000008a800000, 0x000000008a800000, 0x000000008a900000|  0%| F|  |TAMS 0x000000008a800000, 0x000000008a800000| Untracked 
|  75|0x000000008a900000, 0x000000008a900000, 0x000000008aa00000|  0%| F|  |TAMS 0x000000008a900000, 0x000000008a900000| Untracked 
|  76|0x000000008aa00000, 0x000000008aa00000, 0x000000008ab00000|  0%| F|  |TAMS 0x000000008aa00000, 0x000000008aa00000| Untracked 
|  77|0x000000008ab00000, 0x000000008ab00000, 0x000000008ac00000|  0%| F|  |TAMS 0x000000008ab00000, 0x000000008ab00000| Untracked 
|  78|0x000000008ac00000, 0x000000008ac00000, 0x000000008ad00000|  0%| F|  |TAMS 0x000000008ac00000, 0x000000008ac00000| Untracked 
|  79|0x000000008ad00000, 0x000000008ad00000, 0x000000008ae00000|  0%| F|  |TAMS 0x000000008ad00000, 0x000000008ad00000| Untracked 
|  80|0x000000008ae00000, 0x000000008ae00000, 0x000000008af00000|  0%| F|  |TAMS 0x000000008ae00000, 0x000000008ae00000| Untracked 
|  81|0x000000008af00000, 0x000000008af00000, 0x000000008b000000|  0%| F|  |TAMS 0x000000008af00000, 0x000000008af00000| Untracked 
|  82|0x000000008b000000, 0x000000008b000000, 0x000000008b100000|  0%| F|  |TAMS 0x000000008b000000, 0x000000008b000000| Untracked 
|  83|0x000000008b100000, 0x000000008b100000, 0x000000008b200000|  0%| F|  |TAMS 0x000000008b100000, 0x000000008b100000| Untracked 
|  84|0x000000008b200000, 0x000000008b200000, 0x000000008b300000|  0%| F|  |TAMS 0x000000008b200000, 0x000000008b200000| Untracked 
|  85|0x000000008b300000, 0x000000008b300000, 0x000000008b400000|  0%| F|  |TAMS 0x000000008b300000, 0x000000008b300000| Untracked 
|  86|0x000000008b400000, 0x000000008b400000, 0x000000008b500000|  0%| F|  |TAMS 0x000000008b400000, 0x000000008b400000| Untracked 
|  87|0x000000008b500000, 0x000000008b500000, 0x000000008b600000|  0%| F|  |TAMS 0x000000008b500000, 0x000000008b500000| Untracked 
|  88|0x000000008b600000, 0x000000008b600000, 0x000000008b700000|  0%| F|  |TAMS 0x000000008b600000, 0x000000008b600000| Untracked 
|  89|0x000000008b700000, 0x000000008b700000, 0x000000008b800000|  0%| F|  |TAMS 0x000000008b700000, 0x000000008b700000| Untracked 
|  90|0x000000008b800000, 0x000000008b800000, 0x000000008b900000|  0%| F|  |TAMS 0x000000008b800000, 0x000000008b800000| Untracked 
|  91|0x000000008b900000, 0x000000008b900000, 0x000000008ba00000|  0%| F|  |TAMS 0x000000008b900000, 0x000000008b900000| Untracked 
|  92|0x000000008ba00000, 0x000000008ba00000, 0x000000008bb00000|  0%| F|  |TAMS 0x000000008ba00000, 0x000000008ba00000| Untracked 
|  93|0x000000008bb00000, 0x000000008bb00000, 0x000000008bc00000|  0%| F|  |TAMS 0x000000008bb00000, 0x000000008bb00000| Untracked 
|  94|0x000000008bc00000, 0x000000008bc00000, 0x000000008bd00000|  0%| F|  |TAMS 0x000000008bc00000, 0x000000008bc00000| Untracked 
|  95|0x000000008bd00000, 0x000000008bd00000, 0x000000008be00000|  0%| F|  |TAMS 0x000000008bd00000, 0x000000008bd00000| Untracked 
|  96|0x000000008be00000, 0x000000008be00000, 0x000000008bf00000|  0%| F|  |TAMS 0x000000008be00000, 0x000000008be00000| Untracked 
|  97|0x000000008bf00000, 0x000000008bf00000, 0x000000008c000000|  0%| F|  |TAMS 0x000000008bf00000, 0x000000008bf00000| Untracked 
|  98|0x000000008c000000, 0x000000008c000000, 0x000000008c100000|  0%| F|  |TAMS 0x000000008c000000, 0x000000008c000000| Untracked 
|  99|0x000000008c100000, 0x000000008c100000, 0x000000008c200000|  0%| F|  |TAMS 0x000000008c100000, 0x000000008c100000| Untracked 
| 100|0x000000008c200000, 0x000000008c200000, 0x000000008c300000|  0%| F|  |TAMS 0x000000008c200000, 0x000000008c200000| Untracked 
| 101|0x000000008c300000, 0x000000008c300000, 0x000000008c400000|  0%| F|  |TAMS 0x000000008c300000, 0x000000008c300000| Untracked 
| 102|0x000000008c400000, 0x000000008c400000, 0x000000008c500000|  0%| F|  |TAMS 0x000000008c400000, 0x000000008c400000| Untracked 
| 103|0x000000008c500000, 0x000000008c500000, 0x000000008c600000|  0%| F|  |TAMS 0x000000008c500000, 0x000000008c500000| Untracked 
| 104|0x000000008c600000, 0x000000008c600000, 0x000000008c700000|  0%| F|  |TAMS 0x000000008c600000, 0x000000008c600000| Untracked 
| 105|0x000000008c700000, 0x000000008c700000, 0x000000008c800000|  0%| F|  |TAMS 0x000000008c700000, 0x000000008c700000| Untracked 
| 106|0x000000008c800000, 0x000000008c800000, 0x000000008c900000|  0%| F|  |TAMS 0x000000008c800000, 0x000000008c800000| Untracked 
| 107|0x000000008c900000, 0x000000008c900000, 0x000000008ca00000|  0%| F|  |TAMS 0x000000008c900000, 0x000000008c900000| Untracked 
| 108|0x000000008ca00000, 0x000000008ca00000, 0x000000008cb00000|  0%| F|  |TAMS 0x000000008ca00000, 0x000000008ca00000| Untracked 
| 109|0x000000008cb00000, 0x000000008cb00000, 0x000000008cc00000|  0%| F|  |TAMS 0x000000008cb00000, 0x000000008cb00000| Untracked 
| 110|0x000000008cc00000, 0x000000008cc00000, 0x000000008cd00000|  0%| F|  |TAMS 0x000000008cc00000, 0x000000008cc00000| Untracked 
| 111|0x000000008cd00000, 0x000000008cd00000, 0x000000008ce00000|  0%| F|  |TAMS 0x000000008cd00000, 0x000000008cd00000| Untracked 
| 112|0x000000008ce00000, 0x000000008ce00000, 0x000000008cf00000|  0%| F|  |TAMS 0x000000008ce00000, 0x000000008ce00000| Untracked 
| 113|0x000000008cf00000, 0x000000008cf00000, 0x000000008d000000|  0%| F|  |TAMS 0x000000008cf00000, 0x000000008cf00000| Untracked 
| 114|0x000000008d000000, 0x000000008d000000, 0x000000008d100000|  0%| F|  |TAMS 0x000000008d000000, 0x000000008d000000| Untracked 
| 115|0x000000008d100000, 0x000000008d100000, 0x000000008d200000|  0%| F|  |TAMS 0x000000008d100000, 0x000000008d100000| Untracked 
| 116|0x000000008d200000, 0x000000008d200000, 0x000000008d300000|  0%| F|  |TAMS 0x000000008d200000, 0x000000008d200000| Untracked 
| 117|0x000000008d300000, 0x000000008d3ffe90, 0x000000008d400000| 99%| E|  |TAMS 0x000000008d300000, 0x000000008d300000| Complete 
| 118|0x000000008d400000, 0x000000008d500000, 0x000000008d500000|100%| E|CS|TAMS 0x000000008d400000, 0x000000008d400000| Complete 
| 119|0x000000008d500000, 0x000000008d600000, 0x000000008d600000|100%| E|CS|TAMS 0x000000008d500000, 0x000000008d500000| Complete 
| 120|0x000000008d600000, 0x000000008d700000, 0x000000008d700000|100%| E|  |TAMS 0x000000008d600000, 0x000000008d600000| Complete 
| 121|0x000000008d700000, 0x000000008d800000, 0x000000008d800000|100%| E|CS|TAMS 0x000000008d700000, 0x000000008d700000| Complete 
| 122|0x000000008d800000, 0x000000008d900000, 0x000000008d900000|100%| E|CS|TAMS 0x000000008d800000, 0x000000008d800000| Complete 
| 123|0x000000008d900000, 0x000000008da00000, 0x000000008da00000|100%| E|CS|TAMS 0x000000008d900000, 0x000000008d900000| Complete 

Card table byte_map: [0x000001b0407d0000,0x000001b040bb0000] _byte_map_base: 0x000001b0403a1000

Marking Bits (Prev, Next): (CMBitMap*) 0x000001b0284226b8, (CMBitMap*) 0x000001b0284226f8
 Prev Bits: [0x000001b040f90000, 0x000001b042e18000)
 Next Bits: [0x000001b042e20000, 0x000001b044ca8000)

Polling page: 0x000001b026b60000

Metaspace:

Usage:
  Non-class:      4.36 MB capacity,     2.53 MB ( 58%) used,     1.83 MB ( 42%) free+waste,     2.75 KB ( <1%) overhead. 
      Class:    443.00 KB capacity,   255.59 KB ( 58%) used,   185.84 KB ( 42%) free+waste,     1.56 KB ( <1%) overhead. 
       Both:      4.79 MB capacity,     2.78 MB ( 58%) used,     2.01 MB ( 42%) free+waste,     4.31 KB ( <1%) overhead. 

Virtual space:
  Non-class space:        8.00 MB reserved,       4.50 MB ( 56%) committed 
      Class space:        1.00 GB reserved,     512.00 KB ( <1%) committed 
             Both:        1.01 GB reserved,       5.00 MB ( <1%) committed 

Chunk freelists:
   Non-Class:  14.00 KB
       Class:  5.00 KB
        Both:  19.00 KB

MaxMetaspaceSize: 17179869184.00 GB
CompressedClassSpaceSize: 1.00 GB

CodeHeap 'non-profiled nmethods': size=120000Kb used=165Kb max_used=165Kb free=119834Kb
 bounds [0x000001b038460000, 0x000001b0386d0000, 0x000001b03f990000]
CodeHeap 'profiled nmethods': size=120000Kb used=694Kb max_used=694Kb free=119305Kb
 bounds [0x000001b030f30000, 0x000001b0311a0000, 0x000001b038460000]
CodeHeap 'non-nmethods': size=5760Kb used=1209Kb max_used=1224Kb free=4550Kb
 bounds [0x000001b030990000, 0x000001b030c00000, 0x000001b030f30000]
 total_blobs=1263 nmethods=476 adapters=278
 compilation: enabled
              stopped_count=0, restarted_count=0
 full_count=0

Compilation events (20 events):
Event: 399.698 Thread 0x000001b04772d000  468       3       org.eclipse.jdt.launching.internal.org.objectweb.asm.SymbolTable::addConstantUtf8 (98 bytes)
Event: 399.699 Thread 0x000001b04772d000 nmethod 468 0x000001b030fd6c10 code [0x000001b030fd6e40, 0x000001b030fd7580]
Event: 399.699 Thread 0x000001b04772d000  471       3       org.eclipse.jdt.launching.internal.org.objectweb.asm.ClassReader::readUtf (161 bytes)
Event: 399.700 Thread 0x000001b04772d000 nmethod 471 0x000001b030fd7910 code [0x000001b030fd7b20, 0x000001b030fd81a0]
Event: 399.700 Thread 0x000001b04772d000  472       3       org.eclipse.jdt.launching.internal.org.objectweb.asm.ByteVector::putUTF8 (144 bytes)
Event: 399.703 Thread 0x000001b04772d000 nmethod 472 0x000001b030fd8590 code [0x000001b030fd8820, 0x000001b030fd93d0]
Event: 399.703 Thread 0x000001b04772d000  469       3       org.eclipse.jdt.launching.internal.org.objectweb.asm.ClassReader::readClass (7 bytes)
Event: 399.703 Thread 0x000001b04772d000 nmethod 469 0x000001b030fd9990 code [0x000001b030fd9b80, 0x000001b030fda070]
Event: 399.703 Thread 0x000001b04772d000  470       3       org.eclipse.jdt.launching.internal.org.objectweb.asm.ClassReader::readStringish (16 bytes)
Event: 399.703 Thread 0x000001b04772d000 nmethod 470 0x000001b030fda310 code [0x000001b030fda500, 0x000001b030fda990]
Event: 418.083 Thread 0x000001b04772d000  474       3       org.eclipse.jdt.launching.internal.org.objectweb.asm.SymbolTable::put (150 bytes)
Event: 418.084 Thread 0x000001b04772d000 nmethod 474 0x000001b030fdac10 code [0x000001b030fdae00, 0x000001b030fdb758]
Event: 418.084 Thread 0x000001b04772d000  473       3       org.eclipse.jdt.launching.internal.org.objectweb.asm.Symbol::<init> (38 bytes)
Event: 418.085 Thread 0x000001b04772d000 nmethod 473 0x000001b030fdba90 code [0x000001b030fdbc40, 0x000001b030fdbf58]
Event: 418.085 Thread 0x000001b04772d000  476       3       org.eclipse.jdt.launching.internal.org.objectweb.asm.SymbolTable::addConstantUtf8Reference (101 bytes)
Event: 418.088 Thread 0x000001b04772d000 nmethod 476 0x000001b030fdc090 code [0x000001b030fdc2c0, 0x000001b030fdc9e0]
Event: 418.088 Thread 0x000001b04772d000  475       3       org.eclipse.jdt.launching.internal.org.objectweb.asm.ClassReader::createDebugLabel (23 bytes)
Event: 418.089 Thread 0x000001b04772d000 nmethod 475 0x000001b030fdcd90 code [0x000001b030fdcf60, 0x000001b030fdd518]
Event: 418.089 Thread 0x000001b04772d000  477       3       org.eclipse.jdt.launching.internal.org.objectweb.asm.SymbolTable::addConstantClass (8 bytes)
Event: 418.089 Thread 0x000001b04772d000 nmethod 477 0x000001b030fdd710 code [0x000001b030fdd8c0, 0x000001b030fdda90]

GC Heap History (0 events):
No events

Deoptimization events (20 events):
Event: 0.586 Thread 0x000001b0283dc800 DEOPT PACKING pc=0x000001b030faeaa1 sp=0x0000002bfadf8530
Event: 0.586 Thread 0x000001b0283dc800 DEOPT UNPACKING pc=0x000001b0309d964e sp=0x0000002bfadf79f8 mode 0
Event: 0.586 Thread 0x000001b0283dc800 DEOPT PACKING pc=0x000001b030faeaa1 sp=0x0000002bfadf8530
Event: 0.586 Thread 0x000001b0283dc800 DEOPT UNPACKING pc=0x000001b0309d964e sp=0x0000002bfadf79f8 mode 0
Event: 0.587 Thread 0x000001b0283dc800 DEOPT PACKING pc=0x000001b030faeaa1 sp=0x0000002bfadf8530
Event: 0.587 Thread 0x000001b0283dc800 DEOPT UNPACKING pc=0x000001b0309d964e sp=0x0000002bfadf79f8 mode 0
Event: 0.587 Thread 0x000001b0283dc800 DEOPT PACKING pc=0x000001b030faeaa1 sp=0x0000002bfadf8530
Event: 0.587 Thread 0x000001b0283dc800 DEOPT UNPACKING pc=0x000001b0309d964e sp=0x0000002bfadf79f8 mode 0
Event: 0.589 Thread 0x000001b0283dc800 DEOPT PACKING pc=0x000001b030faeaa1 sp=0x0000002bfadfb730
Event: 0.589 Thread 0x000001b0283dc800 DEOPT UNPACKING pc=0x000001b0309d964e sp=0x0000002bfadfabf8 mode 0
Event: 0.589 Thread 0x000001b0283dc800 DEOPT PACKING pc=0x000001b030faeaa1 sp=0x0000002bfadfb730
Event: 0.590 Thread 0x000001b0283dc800 DEOPT UNPACKING pc=0x000001b0309d964e sp=0x0000002bfadfabf8 mode 0
Event: 0.591 Thread 0x000001b0283dc800 DEOPT PACKING pc=0x000001b030fc6872 sp=0x0000002bfadf8740
Event: 0.591 Thread 0x000001b0283dc800 DEOPT UNPACKING pc=0x000001b0309d964e sp=0x0000002bfadf7bc8 mode 0
Event: 0.593 Thread 0x000001b0283dc800 DEOPT PACKING pc=0x000001b030faeaa1 sp=0x0000002bfadfb6c0
Event: 0.593 Thread 0x000001b0283dc800 DEOPT UNPACKING pc=0x000001b0309d964e sp=0x0000002bfadfab88 mode 0
Event: 0.593 Thread 0x000001b0283dc800 DEOPT PACKING pc=0x000001b030faeaa1 sp=0x0000002bfadfb6c0
Event: 0.593 Thread 0x000001b0283dc800 DEOPT UNPACKING pc=0x000001b0309d964e sp=0x0000002bfadfab88 mode 0
Event: 0.594 Thread 0x000001b0283dc800 DEOPT PACKING pc=0x000001b030faeaa1 sp=0x0000002bfadfb7a0
Event: 0.594 Thread 0x000001b0283dc800 DEOPT UNPACKING pc=0x000001b0309d964e sp=0x0000002bfadfac68 mode 0

Classes unloaded (0 events):
No events

Classes redefined (3 events):
Event: 323.254 Thread 0x000001b04770b000 redefined class name=handelingWindows.Javaquestions, count=1
Event: 399.701 Thread 0x000001b04770b000 redefined class name=handelingWindows.Javaquestions, count=2
Event: 418.086 Thread 0x000001b04770b000 redefined class name=handelingWindows.Javaquestions, count=3

Internal exceptions (0 events):
No events

Events (20 events):
Event: 399.759 Executing VM operation: GetOwnedMonitorInfo
Event: 399.760 Executing VM operation: GetOwnedMonitorInfo done
Event: 399.760 Executing VM operation: GetCurrentContendedMonitor
Event: 399.760 Executing VM operation: GetCurrentContendedMonitor done
Event: 418.085 Executing VM operation: RedefineClasses
Event: 418.088 Executing VM operation: RedefineClasses done
Event: 418.096 Executing VM operation: ChangeBreakpoints
Event: 418.097 Executing VM operation: ChangeBreakpoints done
Event: 418.106 Executing VM operation: ChangeBreakpoints
Event: 418.106 Executing VM operation: ChangeBreakpoints done
Event: 418.108 Executing VM operation: GetFrameCount
Event: 418.108 Executing VM operation: GetFrameCount done
Event: 418.108 Executing VM operation: GetStackTrace
Event: 418.109 Executing VM operation: GetStackTrace done
Event: 418.197 Executing VM operation: GetFrameCount
Event: 418.197 Executing VM operation: GetFrameCount done
Event: 418.198 Executing VM operation: GetOwnedMonitorInfo
Event: 418.198 Executing VM operation: GetOwnedMonitorInfo done
Event: 418.198 Executing VM operation: GetCurrentContendedMonitor
Event: 418.198 Executing VM operation: GetCurrentContendedMonitor done


Dynamic libraries:
0x00007ff656c10000 - 0x00007ff656c1f000 	C:\Program Files\Java\jdk-13.0.2\bin\javaw.exe
0x00007ffb5f5e0000 - 0x00007ffb5f7d0000 	C:\Windows\SYSTEM32\ntdll.dll
0x00007ffb5da50000 - 0x00007ffb5db02000 	C:\Windows\System32\KERNEL32.DLL
0x00007ffb5d1b0000 - 0x00007ffb5d453000 	C:\Windows\System32\KERNELBASE.dll
0x00007ffb5a360000 - 0x00007ffb5a3ef000 	C:\Windows\SYSTEM32\apphelp.dll
0x00007ffb5cf90000 - 0x00007ffb5d08a000 	C:\Windows\System32\ucrtbase.dll
0x00007ffb59d50000 - 0x00007ffb59d65000 	C:\Program Files\Java\jdk-13.0.2\bin\VCRUNTIME140.dll
0x00007ffb59d30000 - 0x00007ffb59d48000 	C:\Program Files\Java\jdk-13.0.2\bin\jli.dll
0x00007ffb5f0a0000 - 0x00007ffb5f143000 	C:\Windows\System32\ADVAPI32.dll
0x00007ffb5efc0000 - 0x00007ffb5f05e000 	C:\Windows\System32\msvcrt.dll
0x00007ffb5db70000 - 0x00007ffb5dc07000 	C:\Windows\System32\sechost.dll
0x00007ffb5e750000 - 0x00007ffb5e870000 	C:\Windows\System32\RPCRT4.dll
0x00007ffb5f160000 - 0x00007ffb5f2f4000 	C:\Windows\System32\USER32.dll
0x00007ffb5cf60000 - 0x00007ffb5cf81000 	C:\Windows\System32\win32u.dll
0x00007ffb38dd0000 - 0x00007ffb39055000 	C:\Windows\WinSxS\amd64_microsoft.windows.common-controls_6595b64144ccf1df_6.0.18362.592_none_e6c0b1911312be02\COMCTL32.dll
0x00007ffb5f300000 - 0x00007ffb5f326000 	C:\Windows\System32\GDI32.dll
0x00007ffb5e410000 - 0x00007ffb5e746000 	C:\Windows\System32\combase.dll
0x00007ffb5cdc0000 - 0x00007ffb5cf54000 	C:\Windows\System32\gdi32full.dll
0x00007ffb5d4c0000 - 0x00007ffb5d540000 	C:\Windows\System32\bcryptPrimitives.dll
0x00007ffb5d0c0000 - 0x00007ffb5d15e000 	C:\Windows\System32\msvcp_win.dll
0x00007ffb4b840000 - 0x00007ffb4b84a000 	C:\Windows\SYSTEM32\VERSION.dll
0x00007ffb5f070000 - 0x00007ffb5f09e000 	C:\Windows\System32\IMM32.DLL
0x00007ffb35a50000 - 0x00007ffb35b02000 	C:\Program Files\McAfee\Endpoint Security\Threat Prevention\Ips\EpMPApi.dll
0x00007ffb5d460000 - 0x00007ffb5d4bc000 	C:\Windows\System32\WINTRUST.dll
0x00007ffb5c4e0000 - 0x00007ffb5c4f2000 	C:\Windows\System32\MSASN1.dll
0x00007ffb5d540000 - 0x00007ffb5d689000 	C:\Windows\System32\CRYPT32.dll
0x0000000050010000 - 0x000000005001c000 	C:\Program Files\McAfee\Endpoint Security\Threat Prevention\Ips\EpMPThe.dll
0x00007ffb33610000 - 0x00007ffb336ab000 	C:\Program Files\Java\jdk-13.0.2\bin\msvcp140.dll
0x00007ffae8d90000 - 0x00007ffae98ed000 	C:\Program Files\Java\jdk-13.0.2\bin\server\jvm.dll
0x00007ffb5da40000 - 0x00007ffb5da48000 	C:\Windows\System32\PSAPI.DLL
0x00007ffb49c10000 - 0x00007ffb49c19000 	C:\Windows\SYSTEM32\WSOCK32.dll
0x00007ffb5a260000 - 0x00007ffb5a284000 	C:\Windows\SYSTEM32\WINMM.dll
0x00007ffb5ef50000 - 0x00007ffb5efbf000 	C:\Windows\System32\WS2_32.dll
0x00007ffb5a230000 - 0x00007ffb5a25d000 	C:\Windows\SYSTEM32\WINMMBASE.dll
0x00007ffb5d160000 - 0x00007ffb5d1aa000 	C:\Windows\System32\cfgmgr32.dll
0x00007ffb5c4c0000 - 0x00007ffb5c4d1000 	C:\Windows\System32\kernel.appcore.dll
0x00007ffb59fb0000 - 0x00007ffb59fc0000 	C:\Program Files\Java\jdk-13.0.2\bin\verify.dll
0x00007ffb423d0000 - 0x00007ffb425c4000 	C:\Windows\SYSTEM32\DBGHELP.DLL
0x00007ffb421e0000 - 0x00007ffb4220a000 	C:\Windows\SYSTEM32\dbgcore.DLL
0x00007ffb4e660000 - 0x00007ffb4e686000 	C:\Program Files\Java\jdk-13.0.2\bin\java.dll
0x00007ffb58c70000 - 0x00007ffb58ca8000 	C:\Program Files\Java\jdk-13.0.2\bin\jdwp.dll
0x00007ffb59ce0000 - 0x00007ffb59cee000 	C:\Program Files\Java\jdk-13.0.2\bin\instrument.dll
0x00007ffb59f20000 - 0x00007ffb59f37000 	C:\Program Files\Java\jdk-13.0.2\bin\zip.dll
0x00007ffb59f50000 - 0x00007ffb59f5a000 	C:\Program Files\Java\jdk-13.0.2\bin\jimage.dll
0x00007ffb5dc10000 - 0x00007ffb5e2f5000 	C:\Windows\System32\SHELL32.dll
0x00007ffb5d8c0000 - 0x00007ffb5d969000 	C:\Windows\System32\shcore.dll
0x00007ffb5c570000 - 0x00007ffb5ccef000 	C:\Windows\System32\windows.storage.dll
0x00007ffb5c500000 - 0x00007ffb5c51f000 	C:\Windows\System32\profapi.dll
0x00007ffb5c520000 - 0x00007ffb5c56a000 	C:\Windows\System32\powrprof.dll
0x00007ffb5c4b0000 - 0x00007ffb5c4c0000 	C:\Windows\System32\UMPDC.dll
0x00007ffb5f470000 - 0x00007ffb5f4c2000 	C:\Windows\System32\shlwapi.dll
0x00007ffb5ccf0000 - 0x00007ffb5cd07000 	C:\Windows\System32\cryptsp.dll
0x00007ffb58bc0000 - 0x00007ffb58bcb000 	C:\Program Files\Java\jdk-13.0.2\bin\dt_socket.dll
0x00007ffb5bcc0000 - 0x00007ffb5bd27000 	C:\Windows\system32\mswsock.dll
0x00007ffb5ba10000 - 0x00007ffb5bada000 	C:\Windows\SYSTEM32\DNSAPI.dll
0x00007ffb5f150000 - 0x00007ffb5f158000 	C:\Windows\System32\NSI.dll
0x00007ffb5b9d0000 - 0x00007ffb5ba0a000 	C:\Windows\SYSTEM32\IPHLPAPI.DLL
0x00007ffb55e00000 - 0x00007ffb55e0a000 	C:\Windows\System32\rasadhlp.dll
0x00007ffb57aa0000 - 0x00007ffb57b17000 	C:\Windows\System32\fwpuclnt.dll
0x00007ffb5d090000 - 0x00007ffb5d0b6000 	C:\Windows\System32\bcrypt.dll
0x00007ffb4e5f0000 - 0x00007ffb4e609000 	C:\Program Files\Java\jdk-13.0.2\bin\net.dll
0x00007ffb55980000 - 0x00007ffb55a70000 	C:\Windows\SYSTEM32\WINHTTP.dll
0x00007ffb4e5d0000 - 0x00007ffb4e5e3000 	C:\Program Files\Java\jdk-13.0.2\bin\nio.dll

dbghelp: loaded successfully - version: 4.0.5 - missing functions: none
symbol engine: initialized successfully - sym options: 0x614 - pdb path: .;C:\Program Files\Java\jdk-13.0.2\bin;C:\Windows\SYSTEM32;C:\Windows\WinSxS\amd64_microsoft.windows.common-controls_6595b64144ccf1df_6.0.18362.592_none_e6c0b1911312be02;C:\Program Files\McAfee\Endpoint Security\Threat Prevention\Ips;C:\Program Files\Java\jdk-13.0.2\bin\server

VM Arguments:
jvm_args: -agentlib:jdwp=transport=dt_socket,suspend=y,address=localhost:65310 -javaagent:C:\Users\52039252\eclipse\java-2019-12\eclipse\configuration\org.eclipse.osgi\226\0\.cp\lib\javaagent-shaded.jar -Dfile.encoding=UTF-8 
java_command: handelingWindows.Javaquestions
java_class_path (initial): C:\Users\52039252\eclipse-workspace\handelingWindows\target\classes;C:\Users\52039252\.m2\repository\org\testng\testng\6.8\testng-6.8.jar;C:\Users\52039252\.m2\repository\junit\junit\4.10\junit-4.10.jar;C:\Users\52039252\.m2\repository\org\hamcrest\hamcrest-core\1.1\hamcrest-core-1.1.jar;C:\Users\52039252\.m2\repository\org\beanshell\bsh\2.0b4\bsh-2.0b4.jar;C:\Users\52039252\.m2\repository\com\beust\jcommander\1.27\jcommander-1.27.jar;C:\Users\52039252\.m2\repository\org\yaml\snakeyaml\1.6\snakeyaml-1.6.jar;C:\Users\52039252\.m2\repository\org\seleniumhq\selenium\selenium-java\3.141.59\selenium-java-3.141.59.jar;C:\Users\52039252\.m2\repository\org\seleniumhq\selenium\selenium-api\3.141.59\selenium-api-3.141.59.jar;C:\Users\52039252\.m2\repository\org\seleniumhq\selenium\selenium-chrome-driver\3.141.59\selenium-chrome-driver-3.141.59.jar;C:\Users\52039252\.m2\repository\org\seleniumhq\selenium\selenium-edge-driver\3.141.59\selenium-edge-driver-3.141.59.jar;C:\Users\52039252\.m2\repository\org\seleniumhq\selenium\selenium-firefox-driver\3.141.59\selenium-firefox-driver-3.141.59.jar;C:\Users\52039252\.m2\repository\org\seleniumhq\selenium\selenium-ie-driver\3.141.59\selenium-ie-driver-3.141.59.jar;C:\Users\52039252\.m2\repository\org\seleniumhq\selenium\selenium-opera-driver\3.141.59\selenium-opera-driver-3.141.59.jar;C:\Users\52039252\.m2\repository\org\seleniumhq\selenium\selenium-remote-driver\3.141.59\selenium-remote-driver-3.141.59.jar;C:\Users\52039252\.m2\repository\org\seleniumhq\selenium\selenium-safari-driver\3.141.59\selenium-safari-driver-3.141.59.jar;C:\Users\52039252\.m2\repository\org\seleniumhq\selenium\selenium-support\3.141.59\selenium-support-3.141.59.jar;C:\Users\52039252\.m2\repository\net\bytebuddy\byte-buddy\1.8.15\byte-buddy-1.8.15.jar;C:\Users\52039252\.m2\repository\org\apache\commons\commons-exec\1.3\commons-exec-1.3.jar;C:\Users\52039252\.m2\repository\com\google\guava\guava\25.0-jre\guava-25.0-jre.jar;C:\Users\
Launcher Type: SUN_STANDARD

[Global flags]
     intx CICompilerCount                          = 4                                         {product} {ergonomic}
     uint ConcGCThreads                            = 2                                         {product} {ergonomic}
     uint G1ConcRefinementThreads                  = 8                                         {product} {ergonomic}
   size_t G1HeapRegionSize                         = 1048576                                   {product} {ergonomic}
    uintx GCDrainStackTargetSize                   = 64                                        {product} {ergonomic}
   size_t InitialHeapSize                          = 130023424                                 {product} {ergonomic}
   size_t MarkStackSize                            = 4194304                                   {product} {ergonomic}
   size_t MaxHeapSize                              = 2048917504                                {product} {ergonomic}
   size_t MaxNewSize                               = 1228931072                                {product} {ergonomic}
   size_t MinHeapDeltaBytes                        = 1048576                                   {product} {ergonomic}
   size_t MinHeapSize                              = 8388608                                   {product} {ergonomic}
    uintx NonNMethodCodeHeapSize                   = 5839372                                {pd product} {ergonomic}
    uintx NonProfiledCodeHeapSize                  = 122909434                              {pd product} {ergonomic}
    uintx ProfiledCodeHeapSize                     = 122909434                              {pd product} {ergonomic}
    uintx ReservedCodeCacheSize                    = 251658240                              {pd product} {ergonomic}
     bool SegmentedCodeCache                       = true                                      {product} {ergonomic}
   size_t SoftMaxHeapSize                          = 2048917504                             {manageable} {ergonomic}
     bool UseCompressedClassPointers               = true                                 {lp64_product} {ergonomic}
     bool UseCompressedOops                        = true                                 {lp64_product} {ergonomic}
     bool UseG1GC                                  = true                                      {product} {ergonomic}
     bool UseLargePagesIndividualAllocation        = false                                  {pd product} {ergonomic}

Logging:
Log output configuration:
 #0: stdout all=warning uptime,level,tags
 #1: stderr all=off uptime,level,tags

Environment Variables:
JAVA_HOME=C:\Program Files\Java\jdk-13.0.2
PATH=C:/Program Files/Java/jdk-13.0.2/bin/server;C:/Program Files/Java/jdk-13.0.2/bin;C:\Users\52039252\AppData\Local\Android\Sdk\build-tools;C:\Users\52039252\AppData\Local\Android\Sdk\platform-tools;C:\Program Files\Java\jdk-13.0.2\bin;C:\Program Files (x86)\Common Files\Oracle\Java\javapath;C:\Program Files (x86)\RSA SecurID Token Common;C:\Windows\system32;C:\Windows;C:\Windows\System32\Wbem;C:\Windows\System32\WindowsPowerShell\v1.0\;C:\Windows\System32\OpenSSH\;C:\Users\52039252\Desktop\apache-maven-3.6.3\bin;C:\Users\52039252\AppData\Local\Microsoft\WindowsApps;C:\Users\52039252\AppData\Local\GitHubDesktop\bin;C:\Users\52039252\Desktop;
USERNAME=52039252
OS=Windows_NT
PROCESSOR_IDENTIFIER=Intel64 Family 6 Model 142 Stepping 10, GenuineIntel



---------------  S Y S T E M  ---------------

OS: Windows 10 , 64 bit Build 18362 (10.0.18362.329)

CPU:total 8 (initial active 8) (4 cores per cpu, 2 threads per core) family 6 model 142 stepping 10, cmov, cx8, fxsr, mmx, sse, sse2, sse3, ssse3, sse4.1, sse4.2, popcnt, avx, avx2, aes, clmul, erms, 3dnowpref, lzcnt, ht, tsc, tscinvbit, bmi1, bmi2, adx, fma

Memory: 4k page, system-wide physical 7814M (1201M free)
TotalPageFile size 17030M (AvailPageFile size 4585M)
current process WorkingSet (physical memory assigned to process): 46M, peak: 48M
current process commit charge ("private bytes"): 215M, peak: 216M

vm_info: Java HotSpot(TM) 64-Bit Server VM (13.0.2+8) for windows-amd64 JRE (13.0.2+8), built on Dec 11 2019 09:20:33 by "mach5one" with unknown MS VC++:1916

END.
